{"C:\\Users\\olive\\OneDrive\\Escritorio\\prueba-tecnica-fullstack-b-TheOliver413\\backend\\src\\graphql\\schema.js": {"path":"C:\\Users\\olive\\OneDrive\\Escritorio\\prueba-tecnica-fullstack-b-TheOliver413\\backend\\src\\graphql\\schema.js","statementMap":{"0":{"start":{"line":5,"column":24},"end":{"line":42,"column":1}},"1":{"start":{"line":44,"column":25},"end":{"line":103,"column":1}},"2":{"start":{"line":47,"column":27},"end":{"line":47,"column":45}},"3":{"start":{"line":48,"column":29},"end":{"line":48,"column":73}},"4":{"start":{"line":49,"column":26},"end":{"line":49,"column":56}},"5":{"start":{"line":51,"column":12},"end":{"line":57,"column":13}},"6":{"start":{"line":60,"column":12},"end":{"line":60,"column":45}},"7":{"start":{"line":63,"column":27},"end":{"line":63,"column":45}},"8":{"start":{"line":64,"column":12},"end":{"line":64,"column":74}},"9":{"start":{"line":69,"column":12},"end":{"line":76,"column":13}},"10":{"start":{"line":70,"column":32},"end":{"line":70,"column":82}},"11":{"start":{"line":71,"column":16},"end":{"line":73,"column":17}},"12":{"start":{"line":72,"column":20},"end":{"line":72,"column":74}},"13":{"start":{"line":75,"column":16},"end":{"line":75,"column":75}},"14":{"start":{"line":77,"column":12},"end":{"line":77,"column":69}},"15":{"start":{"line":80,"column":12},"end":{"line":87,"column":13}},"16":{"start":{"line":81,"column":32},"end":{"line":81,"column":82}},"17":{"start":{"line":82,"column":16},"end":{"line":84,"column":17}},"18":{"start":{"line":83,"column":20},"end":{"line":83,"column":74}},"19":{"start":{"line":86,"column":16},"end":{"line":86,"column":75}},"20":{"start":{"line":88,"column":12},"end":{"line":88,"column":77}},"21":{"start":{"line":91,"column":12},"end":{"line":98,"column":13}},"22":{"start":{"line":92,"column":32},"end":{"line":92,"column":82}},"23":{"start":{"line":93,"column":16},"end":{"line":95,"column":17}},"24":{"start":{"line":94,"column":20},"end":{"line":94,"column":74}},"25":{"start":{"line":97,"column":16},"end":{"line":97,"column":75}},"26":{"start":{"line":99,"column":12},"end":{"line":99,"column":36}},"27":{"start":{"line":100,"column":12},"end":{"line":100,"column":23}}},"fnMap":{"0":{"name":"(anonymous_0)","decl":{"start":{"line":46,"column":18},"end":{"line":46,"column":19}},"loc":{"start":{"line":46,"column":65},"end":{"line":58,"column":9}},"line":46},"1":{"name":"(anonymous_1)","decl":{"start":{"line":59,"column":17},"end":{"line":59,"column":18}},"loc":{"start":{"line":59,"column":38},"end":{"line":61,"column":9}},"line":59},"2":{"name":"(anonymous_2)","decl":{"start":{"line":62,"column":22},"end":{"line":62,"column":23}},"loc":{"start":{"line":62,"column":72},"end":{"line":65,"column":9}},"line":62},"3":{"name":"(anonymous_3)","decl":{"start":{"line":68,"column":23},"end":{"line":68,"column":24}},"loc":{"start":{"line":68,"column":79},"end":{"line":78,"column":9}},"line":68},"4":{"name":"(anonymous_4)","decl":{"start":{"line":79,"column":23},"end":{"line":79,"column":24}},"loc":{"start":{"line":79,"column":83},"end":{"line":89,"column":9}},"line":79},"5":{"name":"(anonymous_5)","decl":{"start":{"line":90,"column":23},"end":{"line":90,"column":24}},"loc":{"start":{"line":90,"column":53},"end":{"line":101,"column":9}},"line":90}},"branchMap":{"0":{"loc":{"start":{"line":46,"column":30},"end":{"line":46,"column":38}},"type":"default-arg","locations":[{"start":{"line":46,"column":37},"end":{"line":46,"column":38}}],"line":46},"1":{"loc":{"start":{"line":46,"column":40},"end":{"line":46,"column":50}},"type":"default-arg","locations":[{"start":{"line":46,"column":48},"end":{"line":46,"column":50}}],"line":46},"2":{"loc":{"start":{"line":62,"column":45},"end":{"line":62,"column":53}},"type":"default-arg","locations":[{"start":{"line":62,"column":52},"end":{"line":62,"column":53}}],"line":62},"3":{"loc":{"start":{"line":62,"column":55},"end":{"line":62,"column":65}},"type":"default-arg","locations":[{"start":{"line":62,"column":63},"end":{"line":62,"column":65}}],"line":62},"4":{"loc":{"start":{"line":71,"column":16},"end":{"line":73,"column":17}},"type":"if","locations":[{"start":{"line":71,"column":16},"end":{"line":73,"column":17}},{"start":{},"end":{}}],"line":71},"5":{"loc":{"start":{"line":82,"column":16},"end":{"line":84,"column":17}},"type":"if","locations":[{"start":{"line":82,"column":16},"end":{"line":84,"column":17}},{"start":{},"end":{}}],"line":82},"6":{"loc":{"start":{"line":93,"column":16},"end":{"line":95,"column":17}},"type":"if","locations":[{"start":{"line":93,"column":16},"end":{"line":95,"column":17}},{"start":{},"end":{}}],"line":93}},"s":{"0":0,"1":0,"2":0,"3":0,"4":0,"5":0,"6":0,"7":0,"8":0,"9":0,"10":0,"11":0,"12":0,"13":0,"14":0,"15":0,"16":0,"17":0,"18":0,"19":0,"20":0,"21":0,"22":0,"23":0,"24":0,"25":0,"26":0,"27":0},"f":{"0":0,"1":0,"2":0,"3":0,"4":0,"5":0},"b":{"0":[0],"1":[0],"2":[0],"3":[0],"4":[0,0],"5":[0,0],"6":[0,0]},"inputSourceMap":null}
,"C:\\Users\\olive\\OneDrive\\Escritorio\\prueba-tecnica-fullstack-b-TheOliver413\\backend\\src\\middleware\\auth.middleware.js": {"path":"C:\\Users\\olive\\OneDrive\\Escritorio\\prueba-tecnica-fullstack-b-TheOliver413\\backend\\src\\middleware\\auth.middleware.js","statementMap":{"0":{"start":{"line":3,"column":30},"end":{"line":18,"column":1}},"1":{"start":{"line":4,"column":18},"end":{"line":4,"column":58}},"2":{"start":{"line":6,"column":4},"end":{"line":8,"column":5}},"3":{"start":{"line":7,"column":8},"end":{"line":7,"column":80}},"4":{"start":{"line":10,"column":4},"end":{"line":17,"column":5}},"5":{"start":{"line":11,"column":24},"end":{"line":11,"column":65}},"6":{"start":{"line":12,"column":8},"end":{"line":12,"column":31}},"7":{"start":{"line":13,"column":8},"end":{"line":13,"column":35}},"8":{"start":{"line":14,"column":8},"end":{"line":14,"column":14}},"9":{"start":{"line":16,"column":8},"end":{"line":16,"column":76}},"10":{"start":{"line":20,"column":31},"end":{"line":25,"column":1}},"11":{"start":{"line":21,"column":4},"end":{"line":23,"column":5}},"12":{"start":{"line":22,"column":8},"end":{"line":22,"column":85}},"13":{"start":{"line":24,"column":4},"end":{"line":24,"column":10}}},"fnMap":{"0":{"name":"(anonymous_0)","decl":{"start":{"line":3,"column":30},"end":{"line":3,"column":31}},"loc":{"start":{"line":3,"column":50},"end":{"line":18,"column":1}},"line":3},"1":{"name":"(anonymous_1)","decl":{"start":{"line":20,"column":31},"end":{"line":20,"column":32}},"loc":{"start":{"line":20,"column":51},"end":{"line":25,"column":1}},"line":20}},"branchMap":{"0":{"loc":{"start":{"line":6,"column":4},"end":{"line":8,"column":5}},"type":"if","locations":[{"start":{"line":6,"column":4},"end":{"line":8,"column":5}},{"start":{},"end":{}}],"line":6},"1":{"loc":{"start":{"line":21,"column":4},"end":{"line":23,"column":5}},"type":"if","locations":[{"start":{"line":21,"column":4},"end":{"line":23,"column":5}},{"start":{},"end":{}}],"line":21}},"s":{"0":1,"1":0,"2":0,"3":0,"4":0,"5":0,"6":0,"7":0,"8":0,"9":0,"10":1,"11":2,"12":0,"13":2},"f":{"0":0,"1":2},"b":{"0":[0,0],"1":[0,2]},"inputSourceMap":null,"_coverageSchema":"1a1c01bbd47fc00a2c39e90264f33305004495a9","hash":"751c6bcf81c3ebf04d1123eaf472608e9843491d"}
,"C:\\Users\\olive\\OneDrive\\Escritorio\\prueba-tecnica-fullstack-b-TheOliver413\\backend\\src\\middleware\\error.middleware.js": {"path":"C:\\Users\\olive\\OneDrive\\Escritorio\\prueba-tecnica-fullstack-b-TheOliver413\\backend\\src\\middleware\\error.middleware.js","statementMap":{"0":{"start":{"line":1,"column":28},"end":{"line":19,"column":1}},"1":{"start":{"line":2,"column":4},"end":{"line":2,"column":33}},"2":{"start":{"line":4,"column":4},"end":{"line":6,"column":5}},"3":{"start":{"line":5,"column":8},"end":{"line":5,"column":81}},"4":{"start":{"line":8,"column":4},"end":{"line":10,"column":5}},"5":{"start":{"line":9,"column":8},"end":{"line":9,"column":59}},"6":{"start":{"line":12,"column":4},"end":{"line":14,"column":5}},"7":{"start":{"line":13,"column":8},"end":{"line":13,"column":59}},"8":{"start":{"line":16,"column":4},"end":{"line":18,"column":6}},"9":{"start":{"line":21,"column":28},"end":{"line":23,"column":1}},"10":{"start":{"line":21,"column":36},"end":{"line":23,"column":1}},"11":{"start":{"line":22,"column":4},"end":{"line":22,"column":51}}},"fnMap":{"0":{"name":"(anonymous_0)","decl":{"start":{"line":1,"column":28},"end":{"line":1,"column":29}},"loc":{"start":{"line":1,"column":53},"end":{"line":19,"column":1}},"line":1},"1":{"name":"(anonymous_1)","decl":{"start":{"line":21,"column":28},"end":{"line":21,"column":29}},"loc":{"start":{"line":21,"column":36},"end":{"line":23,"column":1}},"line":21},"2":{"name":"(anonymous_2)","decl":{"start":{"line":21,"column":36},"end":{"line":21,"column":37}},"loc":{"start":{"line":21,"column":56},"end":{"line":23,"column":1}},"line":21}},"branchMap":{"0":{"loc":{"start":{"line":4,"column":4},"end":{"line":6,"column":5}},"type":"if","locations":[{"start":{"line":4,"column":4},"end":{"line":6,"column":5}},{"start":{},"end":{}}],"line":4},"1":{"loc":{"start":{"line":8,"column":4},"end":{"line":10,"column":5}},"type":"if","locations":[{"start":{"line":8,"column":4},"end":{"line":10,"column":5}},{"start":{},"end":{}}],"line":8},"2":{"loc":{"start":{"line":12,"column":4},"end":{"line":14,"column":5}},"type":"if","locations":[{"start":{"line":12,"column":4},"end":{"line":14,"column":5}},{"start":{},"end":{}}],"line":12},"3":{"loc":{"start":{"line":16,"column":15},"end":{"line":16,"column":32}},"type":"binary-expr","locations":[{"start":{"line":16,"column":15},"end":{"line":16,"column":25}},{"start":{"line":16,"column":29},"end":{"line":16,"column":32}}],"line":16},"4":{"loc":{"start":{"line":17,"column":15},"end":{"line":17,"column":92}},"type":"cond-expr","locations":[{"start":{"line":17,"column":55},"end":{"line":17,"column":78}},{"start":{"line":17,"column":81},"end":{"line":17,"column":92}}],"line":17}},"s":{"0":2,"1":0,"2":0,"3":0,"4":0,"5":0,"6":0,"7":0,"8":0,"9":2,"10":10,"11":7},"f":{"0":0,"1":10,"2":7},"b":{"0":[0,0],"1":[0,0],"2":[0,0],"3":[0,0],"4":[0,0]},"inputSourceMap":null,"_coverageSchema":"1a1c01bbd47fc00a2c39e90264f33305004495a9","hash":"b5a8e22c4b52ec5462e8e48032a9c5d7e78cedb6"}
,"C:\\Users\\olive\\OneDrive\\Escritorio\\prueba-tecnica-fullstack-b-TheOliver413\\backend\\src\\middleware\\validation.middleware.js": {"path":"C:\\Users\\olive\\OneDrive\\Escritorio\\prueba-tecnica-fullstack-b-TheOliver413\\backend\\src\\middleware\\validation.middleware.js","statementMap":{"0":{"start":{"line":3,"column":31},"end":{"line":12,"column":1}},"1":{"start":{"line":4,"column":19},"end":{"line":4,"column":40}},"2":{"start":{"line":5,"column":4},"end":{"line":10,"column":5}},"3":{"start":{"line":6,"column":8},"end":{"line":9,"column":10}},"4":{"start":{"line":11,"column":4},"end":{"line":11,"column":10}},"5":{"start":{"line":14,"column":29},"end":{"line":18,"column":1}},"6":{"start":{"line":20,"column":32},"end":{"line":25,"column":1}},"7":{"start":{"line":27,"column":31},"end":{"line":32,"column":1}},"8":{"start":{"line":34,"column":34},"end":{"line":38,"column":1}}},"fnMap":{"0":{"name":"(anonymous_0)","decl":{"start":{"line":3,"column":31},"end":{"line":3,"column":32}},"loc":{"start":{"line":3,"column":51},"end":{"line":12,"column":1}},"line":3}},"branchMap":{"0":{"loc":{"start":{"line":5,"column":4},"end":{"line":10,"column":5}},"type":"if","locations":[{"start":{"line":5,"column":4},"end":{"line":10,"column":5}},{"start":{},"end":{}}],"line":5}},"s":{"0":2,"1":10,"2":10,"3":3,"4":7,"5":2,"6":2,"7":2,"8":2},"f":{"0":10},"b":{"0":[3,7]},"inputSourceMap":null,"_coverageSchema":"1a1c01bbd47fc00a2c39e90264f33305004495a9","hash":"922d7c42ad3cc5dee9e9a31138032627cb6d4e80"}
,"C:\\Users\\olive\\OneDrive\\Escritorio\\prueba-tecnica-fullstack-b-TheOliver413\\backend\\src\\models\\Program.model.js": {"path":"C:\\Users\\olive\\OneDrive\\Escritorio\\prueba-tecnica-fullstack-b-TheOliver413\\backend\\src\\models\\Program.model.js","statementMap":{"0":{"start":{"line":5,"column":23},"end":{"line":8,"column":9}},"1":{"start":{"line":9,"column":8},"end":{"line":9,"column":29}},"2":{"start":{"line":13,"column":23},"end":{"line":13,"column":80}},"3":{"start":{"line":14,"column":8},"end":{"line":14,"column":29}},"4":{"start":{"line":18,"column":25},"end":{"line":18,"column":49}},"5":{"start":{"line":19,"column":23},"end":{"line":19,"column":25}},"6":{"start":{"line":21,"column":8},"end":{"line":29,"column":9}},"7":{"start":{"line":22,"column":12},"end":{"line":22,"column":46}},"8":{"start":{"line":23,"column":12},"end":{"line":23,"column":31}},"9":{"start":{"line":24,"column":12},"end":{"line":24,"column":85}},"10":{"start":{"line":25,"column":12},"end":{"line":25,"column":38}},"11":{"start":{"line":27,"column":12},"end":{"line":27,"column":47}},"12":{"start":{"line":28,"column":12},"end":{"line":28,"column":38}},"13":{"start":{"line":31,"column":23},"end":{"line":31,"column":54}},"14":{"start":{"line":32,"column":8},"end":{"line":32,"column":26}},"15":{"start":{"line":36,"column":25},"end":{"line":36,"column":56}},"16":{"start":{"line":37,"column":23},"end":{"line":37,"column":25}},"17":{"start":{"line":39,"column":8},"end":{"line":42,"column":9}},"18":{"start":{"line":40,"column":12},"end":{"line":40,"column":46}},"19":{"start":{"line":41,"column":12},"end":{"line":41,"column":31}},"20":{"start":{"line":44,"column":23},"end":{"line":44,"column":54}},"21":{"start":{"line":45,"column":8},"end":{"line":45,"column":52}},"22":{"start":{"line":49,"column":23},"end":{"line":52,"column":9}},"23":{"start":{"line":53,"column":8},"end":{"line":53,"column":29}},"24":{"start":{"line":57,"column":23},"end":{"line":57,"column":91}},"25":{"start":{"line":58,"column":8},"end":{"line":58,"column":29}},"26":{"start":{"line":62,"column":23},"end":{"line":65,"column":9}},"27":{"start":{"line":66,"column":8},"end":{"line":66,"column":26}},"28":{"start":{"line":70,"column":23},"end":{"line":73,"column":10}},"29":{"start":{"line":74,"column":8},"end":{"line":74,"column":29}},"30":{"start":{"line":78,"column":23},"end":{"line":81,"column":10}},"31":{"start":{"line":82,"column":8},"end":{"line":82,"column":29}}},"fnMap":{"0":{"name":"(anonymous_0)","decl":{"start":{"line":4,"column":4},"end":{"line":4,"column":5}},"loc":{"start":{"line":4,"column":73},"end":{"line":10,"column":5}},"line":4},"1":{"name":"(anonymous_1)","decl":{"start":{"line":12,"column":4},"end":{"line":12,"column":5}},"loc":{"start":{"line":12,"column":30},"end":{"line":15,"column":5}},"line":12},"2":{"name":"(anonymous_2)","decl":{"start":{"line":17,"column":4},"end":{"line":17,"column":5}},"loc":{"start":{"line":17,"column":64},"end":{"line":33,"column":5}},"line":17},"3":{"name":"(anonymous_3)","decl":{"start":{"line":35,"column":4},"end":{"line":35,"column":5}},"loc":{"start":{"line":35,"column":41},"end":{"line":46,"column":5}},"line":35},"4":{"name":"(anonymous_4)","decl":{"start":{"line":48,"column":4},"end":{"line":48,"column":5}},"loc":{"start":{"line":48,"column":70},"end":{"line":54,"column":5}},"line":48},"5":{"name":"(anonymous_5)","decl":{"start":{"line":56,"column":4},"end":{"line":56,"column":5}},"loc":{"start":{"line":56,"column":28},"end":{"line":59,"column":5}},"line":56},"6":{"name":"(anonymous_6)","decl":{"start":{"line":61,"column":4},"end":{"line":61,"column":5}},"loc":{"start":{"line":61,"column":68},"end":{"line":67,"column":5}},"line":61},"7":{"name":"(anonymous_7)","decl":{"start":{"line":69,"column":4},"end":{"line":69,"column":5}},"loc":{"start":{"line":69,"column":47},"end":{"line":75,"column":5}},"line":69},"8":{"name":"(anonymous_8)","decl":{"start":{"line":77,"column":4},"end":{"line":77,"column":5}},"loc":{"start":{"line":77,"column":49},"end":{"line":83,"column":5}},"line":77}},"branchMap":{"0":{"loc":{"start":{"line":4,"column":54},"end":{"line":4,"column":71}},"type":"default-arg","locations":[{"start":{"line":4,"column":63},"end":{"line":4,"column":71}}],"line":4},"1":{"loc":{"start":{"line":17,"column":25},"end":{"line":17,"column":35}},"type":"default-arg","locations":[{"start":{"line":17,"column":33},"end":{"line":17,"column":35}}],"line":17},"2":{"loc":{"start":{"line":17,"column":37},"end":{"line":17,"column":47}},"type":"default-arg","locations":[{"start":{"line":17,"column":46},"end":{"line":17,"column":47}}],"line":17},"3":{"loc":{"start":{"line":17,"column":49},"end":{"line":17,"column":62}},"type":"default-arg","locations":[{"start":{"line":17,"column":58},"end":{"line":17,"column":62}}],"line":17},"4":{"loc":{"start":{"line":21,"column":8},"end":{"line":29,"column":9}},"type":"if","locations":[{"start":{"line":21,"column":8},"end":{"line":29,"column":9}},{"start":{"line":26,"column":15},"end":{"line":29,"column":9}}],"line":21},"5":{"loc":{"start":{"line":35,"column":26},"end":{"line":35,"column":39}},"type":"default-arg","locations":[{"start":{"line":35,"column":35},"end":{"line":35,"column":39}}],"line":35},"6":{"loc":{"start":{"line":39,"column":8},"end":{"line":42,"column":9}},"type":"if","locations":[{"start":{"line":39,"column":8},"end":{"line":42,"column":9}},{"start":{},"end":{}}],"line":39},"7":{"loc":{"start":{"line":61,"column":44},"end":{"line":61,"column":54}},"type":"default-arg","locations":[{"start":{"line":61,"column":52},"end":{"line":61,"column":54}}],"line":61},"8":{"loc":{"start":{"line":61,"column":56},"end":{"line":61,"column":66}},"type":"default-arg","locations":[{"start":{"line":61,"column":65},"end":{"line":61,"column":66}}],"line":61}},"s":{"0":1,"1":1,"2":0,"3":0,"4":2,"5":2,"6":2,"7":1,"8":1,"9":1,"10":1,"11":1,"12":1,"13":2,"14":2,"15":2,"16":2,"17":2,"18":1,"19":1,"20":2,"21":2,"22":0,"23":0,"24":0,"25":0,"26":0,"27":0,"28":0,"29":0,"30":0,"31":0},"f":{"0":1,"1":0,"2":2,"3":2,"4":0,"5":0,"6":0,"7":0,"8":0},"b":{"0":[0],"1":[0],"2":[0],"3":[0],"4":[1,1],"5":[0],"6":[1,1],"7":[0],"8":[0]},"inputSourceMap":null,"_coverageSchema":"1a1c01bbd47fc00a2c39e90264f33305004495a9","hash":"0d6cba2c58645506ca0a8f3de4fea239f60d95da"}
,"C:\\Users\\olive\\OneDrive\\Escritorio\\prueba-tecnica-fullstack-b-TheOliver413\\backend\\src\\models\\User.model.js": {"path":"C:\\Users\\olive\\OneDrive\\Escritorio\\prueba-tecnica-fullstack-b-TheOliver413\\backend\\src\\models\\User.model.js","statementMap":{"0":{"start":{"line":5,"column":23},"end":{"line":8,"column":9}},"1":{"start":{"line":9,"column":8},"end":{"line":9,"column":29}},"2":{"start":{"line":13,"column":23},"end":{"line":13,"column":83}},"3":{"start":{"line":14,"column":8},"end":{"line":14,"column":29}},"4":{"start":{"line":18,"column":23},"end":{"line":18,"column":114}},"5":{"start":{"line":19,"column":8},"end":{"line":19,"column":29}},"6":{"start":{"line":23,"column":23},"end":{"line":26,"column":10}},"7":{"start":{"line":27,"column":8},"end":{"line":27,"column":26}},"8":{"start":{"line":31,"column":23},"end":{"line":31,"column":64}},"9":{"start":{"line":32,"column":8},"end":{"line":32,"column":52}},"10":{"start":{"line":36,"column":23},"end":{"line":39,"column":9}},"11":{"start":{"line":40,"column":8},"end":{"line":40,"column":29}},"12":{"start":{"line":44,"column":23},"end":{"line":44,"column":88}},"13":{"start":{"line":45,"column":8},"end":{"line":45,"column":29}},"14":{"start":{"line":49,"column":23},"end":{"line":52,"column":9}},"15":{"start":{"line":53,"column":8},"end":{"line":53,"column":26}}},"fnMap":{"0":{"name":"(anonymous_0)","decl":{"start":{"line":4,"column":4},"end":{"line":4,"column":5}},"loc":{"start":{"line":4,"column":70},"end":{"line":10,"column":5}},"line":4},"1":{"name":"(anonymous_1)","decl":{"start":{"line":12,"column":4},"end":{"line":12,"column":5}},"loc":{"start":{"line":12,"column":36},"end":{"line":15,"column":5}},"line":12},"2":{"name":"(anonymous_2)","decl":{"start":{"line":17,"column":4},"end":{"line":17,"column":5}},"loc":{"start":{"line":17,"column":30},"end":{"line":20,"column":5}},"line":17},"3":{"name":"(anonymous_3)","decl":{"start":{"line":22,"column":4},"end":{"line":22,"column":5}},"loc":{"start":{"line":22,"column":49},"end":{"line":28,"column":5}},"line":22},"4":{"name":"(anonymous_4)","decl":{"start":{"line":30,"column":4},"end":{"line":30,"column":5}},"loc":{"start":{"line":30,"column":28},"end":{"line":33,"column":5}},"line":30},"5":{"name":"(anonymous_5)","decl":{"start":{"line":35,"column":4},"end":{"line":35,"column":5}},"loc":{"start":{"line":35,"column":48},"end":{"line":41,"column":5}},"line":35},"6":{"name":"(anonymous_6)","decl":{"start":{"line":43,"column":4},"end":{"line":43,"column":5}},"loc":{"start":{"line":43,"column":28},"end":{"line":46,"column":5}},"line":43},"7":{"name":"(anonymous_7)","decl":{"start":{"line":48,"column":4},"end":{"line":48,"column":5}},"loc":{"start":{"line":48,"column":41},"end":{"line":54,"column":5}},"line":48}},"branchMap":{"0":{"loc":{"start":{"line":4,"column":55},"end":{"line":4,"column":68}},"type":"default-arg","locations":[{"start":{"line":4,"column":62},"end":{"line":4,"column":68}}],"line":4},"1":{"loc":{"start":{"line":22,"column":25},"end":{"line":22,"column":35}},"type":"default-arg","locations":[{"start":{"line":22,"column":33},"end":{"line":22,"column":35}}],"line":22},"2":{"loc":{"start":{"line":22,"column":37},"end":{"line":22,"column":47}},"type":"default-arg","locations":[{"start":{"line":22,"column":46},"end":{"line":22,"column":47}}],"line":22}},"s":{"0":2,"1":2,"2":4,"3":4,"4":0,"5":0,"6":0,"7":0,"8":0,"9":0,"10":0,"11":0,"12":0,"13":0,"14":0,"15":0},"f":{"0":2,"1":4,"2":0,"3":0,"4":0,"5":0,"6":0,"7":0},"b":{"0":[2],"1":[0],"2":[0]},"inputSourceMap":null,"_coverageSchema":"1a1c01bbd47fc00a2c39e90264f33305004495a9","hash":"459d08e7435553a9eb35a973653c9f566f9a7700"}
,"C:\\Users\\olive\\OneDrive\\Escritorio\\prueba-tecnica-fullstack-b-TheOliver413\\backend\\src\\routes\\auth.routes.js": {"path":"C:\\Users\\olive\\OneDrive\\Escritorio\\prueba-tecnica-fullstack-b-TheOliver413\\backend\\src\\routes\\auth.routes.js","statementMap":{"0":{"start":{"line":8,"column":15},"end":{"line":8,"column":31}},"1":{"start":{"line":10,"column":0},"end":{"line":34,"column":1}},"2":{"start":{"line":14,"column":46},"end":{"line":14,"column":54}},"3":{"start":{"line":16,"column":29},"end":{"line":16,"column":58}},"4":{"start":{"line":17,"column":8},"end":{"line":19,"column":9}},"5":{"start":{"line":18,"column":12},"end":{"line":18,"column":86}},"6":{"start":{"line":21,"column":29},"end":{"line":21,"column":62}},"7":{"start":{"line":22,"column":21},"end":{"line":22,"column":69}},"8":{"start":{"line":24,"column":22},"end":{"line":26,"column":10}},"9":{"start":{"line":28,"column":8},"end":{"line":32,"column":10}},"10":{"start":{"line":36,"column":0},"end":{"line":62,"column":1}},"11":{"start":{"line":40,"column":36},"end":{"line":40,"column":44}},"12":{"start":{"line":42,"column":21},"end":{"line":42,"column":50}},"13":{"start":{"line":43,"column":8},"end":{"line":45,"column":9}},"14":{"start":{"line":44,"column":12},"end":{"line":44,"column":77}},"15":{"start":{"line":47,"column":30},"end":{"line":47,"column":82}},"16":{"start":{"line":48,"column":8},"end":{"line":50,"column":9}},"17":{"start":{"line":49,"column":12},"end":{"line":49,"column":77}},"18":{"start":{"line":52,"column":22},"end":{"line":54,"column":10}},"19":{"start":{"line":56,"column":8},"end":{"line":60,"column":10}}},"fnMap":{"0":{"name":"(anonymous_0)","decl":{"start":{"line":13,"column":17},"end":{"line":13,"column":18}},"loc":{"start":{"line":13,"column":37},"end":{"line":33,"column":5}},"line":13},"1":{"name":"(anonymous_1)","decl":{"start":{"line":39,"column":17},"end":{"line":39,"column":18}},"loc":{"start":{"line":39,"column":37},"end":{"line":61,"column":5}},"line":39}},"branchMap":{"0":{"loc":{"start":{"line":17,"column":8},"end":{"line":19,"column":9}},"type":"if","locations":[{"start":{"line":17,"column":8},"end":{"line":19,"column":9}},{"start":{},"end":{}}],"line":17},"1":{"loc":{"start":{"line":43,"column":8},"end":{"line":45,"column":9}},"type":"if","locations":[{"start":{"line":43,"column":8},"end":{"line":45,"column":9}},{"start":{},"end":{}}],"line":43},"2":{"loc":{"start":{"line":48,"column":8},"end":{"line":50,"column":9}},"type":"if","locations":[{"start":{"line":48,"column":8},"end":{"line":50,"column":9}},{"start":{},"end":{}}],"line":48}},"s":{"0":1,"1":1,"2":2,"3":2,"4":2,"5":0,"6":2,"7":2,"8":2,"9":2,"10":1,"11":2,"12":2,"13":2,"14":1,"15":1,"16":1,"17":0,"18":1,"19":1},"f":{"0":2,"1":2},"b":{"0":[0,2],"1":[1,1],"2":[0,1]},"inputSourceMap":null,"_coverageSchema":"1a1c01bbd47fc00a2c39e90264f33305004495a9","hash":"8d4ab3b49c911665d414878a8c0b590da6848a25"}
,"C:\\Users\\olive\\OneDrive\\Escritorio\\prueba-tecnica-fullstack-b-TheOliver413\\backend\\src\\routes\\program.routes.js": {"path":"C:\\Users\\olive\\OneDrive\\Escritorio\\prueba-tecnica-fullstack-b-TheOliver413\\backend\\src\\routes\\program.routes.js","statementMap":{"0":{"start":{"line":8,"column":15},"end":{"line":8,"column":31}},"1":{"start":{"line":11,"column":0},"end":{"line":31,"column":1}},"2":{"start":{"line":15,"column":21},"end":{"line":15,"column":57}},"3":{"start":{"line":16,"column":22},"end":{"line":16,"column":60}},"4":{"start":{"line":17,"column":23},"end":{"line":17,"column":41}},"5":{"start":{"line":18,"column":23},"end":{"line":18,"column":47}},"6":{"start":{"line":20,"column":25},"end":{"line":20,"column":69}},"7":{"start":{"line":21,"column":22},"end":{"line":21,"column":52}},"8":{"start":{"line":23,"column":8},"end":{"line":29,"column":10}},"9":{"start":{"line":34,"column":0},"end":{"line":43,"column":1}},"10":{"start":{"line":37,"column":24},"end":{"line":37,"column":61}},"11":{"start":{"line":38,"column":8},"end":{"line":40,"column":9}},"12":{"start":{"line":39,"column":12},"end":{"line":39,"column":76}},"13":{"start":{"line":41,"column":8},"end":{"line":41,"column":25}},"14":{"start":{"line":46,"column":0},"end":{"line":61,"column":1}},"15":{"start":{"line":49,"column":21},"end":{"line":49,"column":57}},"16":{"start":{"line":50,"column":22},"end":{"line":50,"column":60}},"17":{"start":{"line":51,"column":23},"end":{"line":51,"column":41}},"18":{"start":{"line":53,"column":24},"end":{"line":53,"column":61}},"19":{"start":{"line":54,"column":8},"end":{"line":56,"column":9}},"20":{"start":{"line":55,"column":12},"end":{"line":55,"column":76}},"21":{"start":{"line":58,"column":22},"end":{"line":58,"column":81}},"22":{"start":{"line":59,"column":8},"end":{"line":59,"column":36}},"23":{"start":{"line":64,"column":0},"end":{"line":73,"column":1}},"24":{"start":{"line":69,"column":57},"end":{"line":69,"column":65}},"25":{"start":{"line":70,"column":24},"end":{"line":70,"column":82}},"26":{"start":{"line":71,"column":8},"end":{"line":71,"column":37}},"27":{"start":{"line":76,"column":0},"end":{"line":87,"column":1}},"28":{"start":{"line":81,"column":24},"end":{"line":81,"column":69}},"29":{"start":{"line":82,"column":8},"end":{"line":84,"column":9}},"30":{"start":{"line":83,"column":12},"end":{"line":83,"column":76}},"31":{"start":{"line":85,"column":8},"end":{"line":85,"column":25}},"32":{"start":{"line":90,"column":0},"end":{"line":100,"column":1}},"33":{"start":{"line":94,"column":23},"end":{"line":94,"column":58}},"34":{"start":{"line":95,"column":8},"end":{"line":97,"column":9}},"35":{"start":{"line":96,"column":12},"end":{"line":96,"column":76}},"36":{"start":{"line":98,"column":8},"end":{"line":98,"column":64}},"37":{"start":{"line":103,"column":0},"end":{"line":122,"column":1}},"38":{"start":{"line":107,"column":27},"end":{"line":107,"column":35}},"39":{"start":{"line":109,"column":24},"end":{"line":109,"column":68}},"40":{"start":{"line":110,"column":8},"end":{"line":112,"column":9}},"41":{"start":{"line":111,"column":12},"end":{"line":111,"column":76}},"42":{"start":{"line":114,"column":21},"end":{"line":114,"column":48}},"43":{"start":{"line":115,"column":8},"end":{"line":117,"column":9}},"44":{"start":{"line":116,"column":12},"end":{"line":116,"column":75}},"45":{"start":{"line":119,"column":27},"end":{"line":119,"column":81}},"46":{"start":{"line":120,"column":8},"end":{"line":120,"column":88}},"47":{"start":{"line":125,"column":0},"end":{"line":135,"column":1}},"48":{"start":{"line":129,"column":23},"end":{"line":129,"column":90}},"49":{"start":{"line":130,"column":8},"end":{"line":132,"column":9}},"50":{"start":{"line":131,"column":12},"end":{"line":131,"column":83}},"51":{"start":{"line":133,"column":8},"end":{"line":133,"column":63}}},"fnMap":{"0":{"name":"(anonymous_0)","decl":{"start":{"line":14,"column":17},"end":{"line":14,"column":18}},"loc":{"start":{"line":14,"column":37},"end":{"line":30,"column":5}},"line":14},"1":{"name":"(anonymous_1)","decl":{"start":{"line":36,"column":17},"end":{"line":36,"column":18}},"loc":{"start":{"line":36,"column":37},"end":{"line":42,"column":5}},"line":36},"2":{"name":"(anonymous_2)","decl":{"start":{"line":48,"column":17},"end":{"line":48,"column":18}},"loc":{"start":{"line":48,"column":37},"end":{"line":60,"column":5}},"line":48},"3":{"name":"(anonymous_3)","decl":{"start":{"line":68,"column":17},"end":{"line":68,"column":18}},"loc":{"start":{"line":68,"column":37},"end":{"line":72,"column":5}},"line":68},"4":{"name":"(anonymous_4)","decl":{"start":{"line":80,"column":17},"end":{"line":80,"column":18}},"loc":{"start":{"line":80,"column":37},"end":{"line":86,"column":5}},"line":80},"5":{"name":"(anonymous_5)","decl":{"start":{"line":93,"column":17},"end":{"line":93,"column":18}},"loc":{"start":{"line":93,"column":37},"end":{"line":99,"column":5}},"line":93},"6":{"name":"(anonymous_6)","decl":{"start":{"line":106,"column":17},"end":{"line":106,"column":18}},"loc":{"start":{"line":106,"column":37},"end":{"line":121,"column":5}},"line":106},"7":{"name":"(anonymous_7)","decl":{"start":{"line":128,"column":17},"end":{"line":128,"column":18}},"loc":{"start":{"line":128,"column":37},"end":{"line":134,"column":5}},"line":128}},"branchMap":{"0":{"loc":{"start":{"line":15,"column":21},"end":{"line":15,"column":57}},"type":"binary-expr","locations":[{"start":{"line":15,"column":21},"end":{"line":15,"column":52}},{"start":{"line":15,"column":56},"end":{"line":15,"column":57}}],"line":15},"1":{"loc":{"start":{"line":16,"column":22},"end":{"line":16,"column":60}},"type":"binary-expr","locations":[{"start":{"line":16,"column":22},"end":{"line":16,"column":54}},{"start":{"line":16,"column":58},"end":{"line":16,"column":60}}],"line":16},"2":{"loc":{"start":{"line":18,"column":23},"end":{"line":18,"column":47}},"type":"binary-expr","locations":[{"start":{"line":18,"column":23},"end":{"line":18,"column":39}},{"start":{"line":18,"column":43},"end":{"line":18,"column":47}}],"line":18},"3":{"loc":{"start":{"line":38,"column":8},"end":{"line":40,"column":9}},"type":"if","locations":[{"start":{"line":38,"column":8},"end":{"line":40,"column":9}},{"start":{},"end":{}}],"line":38},"4":{"loc":{"start":{"line":49,"column":21},"end":{"line":49,"column":57}},"type":"binary-expr","locations":[{"start":{"line":49,"column":21},"end":{"line":49,"column":52}},{"start":{"line":49,"column":56},"end":{"line":49,"column":57}}],"line":49},"5":{"loc":{"start":{"line":50,"column":22},"end":{"line":50,"column":60}},"type":"binary-expr","locations":[{"start":{"line":50,"column":22},"end":{"line":50,"column":54}},{"start":{"line":50,"column":58},"end":{"line":50,"column":60}}],"line":50},"6":{"loc":{"start":{"line":54,"column":8},"end":{"line":56,"column":9}},"type":"if","locations":[{"start":{"line":54,"column":8},"end":{"line":56,"column":9}},{"start":{},"end":{}}],"line":54},"7":{"loc":{"start":{"line":82,"column":8},"end":{"line":84,"column":9}},"type":"if","locations":[{"start":{"line":82,"column":8},"end":{"line":84,"column":9}},{"start":{},"end":{}}],"line":82},"8":{"loc":{"start":{"line":95,"column":8},"end":{"line":97,"column":9}},"type":"if","locations":[{"start":{"line":95,"column":8},"end":{"line":97,"column":9}},{"start":{},"end":{}}],"line":95},"9":{"loc":{"start":{"line":110,"column":8},"end":{"line":112,"column":9}},"type":"if","locations":[{"start":{"line":110,"column":8},"end":{"line":112,"column":9}},{"start":{},"end":{}}],"line":110},"10":{"loc":{"start":{"line":115,"column":8},"end":{"line":117,"column":9}},"type":"if","locations":[{"start":{"line":115,"column":8},"end":{"line":117,"column":9}},{"start":{},"end":{}}],"line":115},"11":{"loc":{"start":{"line":130,"column":8},"end":{"line":132,"column":9}},"type":"if","locations":[{"start":{"line":130,"column":8},"end":{"line":132,"column":9}},{"start":{},"end":{}}],"line":130}},"s":{"0":1,"1":1,"2":2,"3":2,"4":2,"5":2,"6":2,"7":2,"8":2,"9":1,"10":0,"11":0,"12":0,"13":0,"14":1,"15":0,"16":0,"17":0,"18":0,"19":0,"20":0,"21":0,"22":0,"23":1,"24":1,"25":1,"26":1,"27":1,"28":0,"29":0,"30":0,"31":0,"32":1,"33":0,"34":0,"35":0,"36":0,"37":1,"38":0,"39":0,"40":0,"41":0,"42":0,"43":0,"44":0,"45":0,"46":0,"47":1,"48":0,"49":0,"50":0,"51":0},"f":{"0":2,"1":0,"2":0,"3":1,"4":0,"5":0,"6":0,"7":0},"b":{"0":[2,1],"1":[2,1],"2":[2,1],"3":[0,0],"4":[0,0],"5":[0,0],"6":[0,0],"7":[0,0],"8":[0,0],"9":[0,0],"10":[0,0],"11":[0,0]},"inputSourceMap":null,"_coverageSchema":"1a1c01bbd47fc00a2c39e90264f33305004495a9","hash":"ac5570cbb4be65367b4a0b9ee0f5ab53ce09e95a"}
,"C:\\Users\\olive\\OneDrive\\Escritorio\\prueba-tecnica-fullstack-b-TheOliver413\\backend\\src\\routes\\user.routes.js": {"path":"C:\\Users\\olive\\OneDrive\\Escritorio\\prueba-tecnica-fullstack-b-TheOliver413\\backend\\src\\routes\\user.routes.js","statementMap":{"0":{"start":{"line":7,"column":15},"end":{"line":7,"column":31}},"1":{"start":{"line":10,"column":0},"end":{"line":19,"column":1}},"2":{"start":{"line":13,"column":21},"end":{"line":13,"column":52}},"3":{"start":{"line":14,"column":8},"end":{"line":16,"column":9}},"4":{"start":{"line":15,"column":12},"end":{"line":15,"column":75}},"5":{"start":{"line":17,"column":8},"end":{"line":17,"column":22}},"6":{"start":{"line":22,"column":0},"end":{"line":28,"column":1}},"7":{"start":{"line":25,"column":25},"end":{"line":25,"column":63}},"8":{"start":{"line":26,"column":8},"end":{"line":26,"column":26}},"9":{"start":{"line":31,"column":0},"end":{"line":51,"column":1}},"10":{"start":{"line":36,"column":21},"end":{"line":36,"column":57}},"11":{"start":{"line":37,"column":22},"end":{"line":37,"column":60}},"12":{"start":{"line":38,"column":23},"end":{"line":38,"column":41}},"13":{"start":{"line":40,"column":22},"end":{"line":40,"column":55}},"14":{"start":{"line":41,"column":22},"end":{"line":41,"column":43}},"15":{"start":{"line":43,"column":8},"end":{"line":49,"column":10}}},"fnMap":{"0":{"name":"(anonymous_0)","decl":{"start":{"line":12,"column":17},"end":{"line":12,"column":18}},"loc":{"start":{"line":12,"column":37},"end":{"line":18,"column":5}},"line":12},"1":{"name":"(anonymous_1)","decl":{"start":{"line":24,"column":17},"end":{"line":24,"column":18}},"loc":{"start":{"line":24,"column":37},"end":{"line":27,"column":5}},"line":24},"2":{"name":"(anonymous_2)","decl":{"start":{"line":35,"column":17},"end":{"line":35,"column":18}},"loc":{"start":{"line":35,"column":37},"end":{"line":50,"column":5}},"line":35}},"branchMap":{"0":{"loc":{"start":{"line":14,"column":8},"end":{"line":16,"column":9}},"type":"if","locations":[{"start":{"line":14,"column":8},"end":{"line":16,"column":9}},{"start":{},"end":{}}],"line":14},"1":{"loc":{"start":{"line":36,"column":21},"end":{"line":36,"column":57}},"type":"binary-expr","locations":[{"start":{"line":36,"column":21},"end":{"line":36,"column":52}},{"start":{"line":36,"column":56},"end":{"line":36,"column":57}}],"line":36},"2":{"loc":{"start":{"line":37,"column":22},"end":{"line":37,"column":60}},"type":"binary-expr","locations":[{"start":{"line":37,"column":22},"end":{"line":37,"column":54}},{"start":{"line":37,"column":58},"end":{"line":37,"column":60}}],"line":37}},"s":{"0":0,"1":0,"2":0,"3":0,"4":0,"5":0,"6":0,"7":0,"8":0,"9":0,"10":0,"11":0,"12":0,"13":0,"14":0,"15":0},"f":{"0":0,"1":0,"2":0},"b":{"0":[0,0],"1":[0,0],"2":[0,0]},"inputSourceMap":null}
}
