TN:
SF:src\graphql\schema.js
FN:46,(anonymous_0)
FN:59,(anonymous_1)
FN:62,(anonymous_2)
FN:68,(anonymous_3)
FN:79,(anonymous_4)
FN:90,(anonymous_5)
FNF:6
FNH:0
FNDA:0,(anonymous_0)
FNDA:0,(anonymous_1)
FNDA:0,(anonymous_2)
FNDA:0,(anonymous_3)
FNDA:0,(anonymous_4)
FNDA:0,(anonymous_5)
DA:5,0
DA:44,0
DA:47,0
DA:48,0
DA:49,0
DA:51,0
DA:60,0
DA:63,0
DA:64,0
DA:69,0
DA:70,0
DA:71,0
DA:72,0
DA:75,0
DA:77,0
DA:80,0
DA:81,0
DA:82,0
DA:83,0
DA:86,0
DA:88,0
DA:91,0
DA:92,0
DA:93,0
DA:94,0
DA:97,0
DA:99,0
DA:100,0
LF:28
LH:0
BRDA:46,0,0,0
BRDA:46,1,0,0
BRDA:62,2,0,0
BRDA:62,3,0,0
BRDA:71,4,0,0
BRDA:71,4,1,0
BRDA:82,5,0,0
BRDA:82,5,1,0
BRDA:93,6,0,0
BRDA:93,6,1,0
BRF:10
BRH:0
end_of_record
TN:
SF:src\middleware\auth.middleware.js
FN:3,(anonymous_0)
FN:20,(anonymous_1)
FNF:2
FNH:1
FNDA:0,(anonymous_0)
FNDA:2,(anonymous_1)
DA:3,1
DA:4,0
DA:6,0
DA:7,0
DA:10,0
DA:11,0
DA:12,0
DA:13,0
DA:14,0
DA:16,0
DA:20,1
DA:21,2
DA:22,0
DA:24,2
LF:14
LH:4
BRDA:6,0,0,0
BRDA:6,0,1,0
BRDA:21,1,0,0
BRDA:21,1,1,2
BRF:4
BRH:1
end_of_record
TN:
SF:src\middleware\error.middleware.js
FN:1,(anonymous_0)
FN:21,(anonymous_1)
FN:21,(anonymous_2)
FNF:3
FNH:2
FNDA:0,(anonymous_0)
FNDA:10,(anonymous_1)
FNDA:7,(anonymous_2)
DA:1,2
DA:2,0
DA:4,0
DA:5,0
DA:8,0
DA:9,0
DA:12,0
DA:13,0
DA:16,0
DA:21,10
DA:22,7
LF:11
LH:3
BRDA:4,0,0,0
BRDA:4,0,1,0
BRDA:8,1,0,0
BRDA:8,1,1,0
BRDA:12,2,0,0
BRDA:12,2,1,0
BRDA:16,3,0,0
BRDA:16,3,1,0
BRDA:17,4,0,0
BRDA:17,4,1,0
BRF:10
BRH:0
end_of_record
TN:
SF:src\middleware\validation.middleware.js
FN:3,(anonymous_0)
FNF:1
FNH:1
FNDA:10,(anonymous_0)
DA:3,2
DA:4,10
DA:5,10
DA:6,3
DA:11,7
DA:14,2
DA:20,2
DA:27,2
DA:34,2
LF:9
LH:9
BRDA:5,0,0,3
BRDA:5,0,1,7
BRF:2
BRH:2
end_of_record
TN:
SF:src\models\Program.model.js
FN:4,(anonymous_0)
FN:12,(anonymous_1)
FN:17,(anonymous_2)
FN:35,(anonymous_3)
FN:48,(anonymous_4)
FN:56,(anonymous_5)
FN:61,(anonymous_6)
FN:69,(anonymous_7)
FN:77,(anonymous_8)
FNF:9
FNH:3
FNDA:1,(anonymous_0)
FNDA:0,(anonymous_1)
FNDA:2,(anonymous_2)
FNDA:2,(anonymous_3)
FNDA:0,(anonymous_4)
FNDA:0,(anonymous_5)
FNDA:0,(anonymous_6)
FNDA:0,(anonymous_7)
FNDA:0,(anonymous_8)
DA:5,1
DA:9,1
DA:13,0
DA:14,0
DA:18,2
DA:19,2
DA:21,2
DA:22,1
DA:23,1
DA:24,1
DA:25,1
DA:27,1
DA:28,1
DA:31,2
DA:32,2
DA:36,2
DA:37,2
DA:39,2
DA:40,1
DA:41,1
DA:44,2
DA:45,2
DA:49,0
DA:53,0
DA:57,0
DA:58,0
DA:62,0
DA:66,0
DA:70,0
DA:74,0
DA:78,0
DA:82,0
LF:32
LH:20
BRDA:4,0,0,0
BRDA:17,1,0,0
BRDA:17,2,0,0
BRDA:17,3,0,0
BRDA:21,4,0,1
BRDA:21,4,1,1
BRDA:35,5,0,0
BRDA:39,6,0,1
BRDA:39,6,1,1
BRDA:61,7,0,0
BRDA:61,8,0,0
BRF:11
BRH:4
end_of_record
TN:
SF:src\models\User.model.js
FN:4,(anonymous_0)
FN:12,(anonymous_1)
FN:17,(anonymous_2)
FN:22,(anonymous_3)
FN:30,(anonymous_4)
FN:35,(anonymous_5)
FN:43,(anonymous_6)
FN:48,(anonymous_7)
FNF:8
FNH:2
FNDA:2,(anonymous_0)
FNDA:4,(anonymous_1)
FNDA:0,(anonymous_2)
FNDA:0,(anonymous_3)
FNDA:0,(anonymous_4)
FNDA:0,(anonymous_5)
FNDA:0,(anonymous_6)
FNDA:0,(anonymous_7)
DA:5,2
DA:9,2
DA:13,4
DA:14,4
DA:18,0
DA:19,0
DA:23,0
DA:27,0
DA:31,0
DA:32,0
DA:36,0
DA:40,0
DA:44,0
DA:45,0
DA:49,0
DA:53,0
LF:16
LH:4
BRDA:4,0,0,2
BRDA:22,1,0,0
BRDA:22,2,0,0
BRF:3
BRH:1
end_of_record
TN:
SF:src\routes\auth.routes.js
FN:13,(anonymous_0)
FN:39,(anonymous_1)
FNF:2
FNH:2
FNDA:2,(anonymous_0)
FNDA:2,(anonymous_1)
DA:8,1
DA:10,1
DA:14,2
DA:16,2
DA:17,2
DA:18,0
DA:21,2
DA:22,2
DA:24,2
DA:28,2
DA:36,1
DA:40,2
DA:42,2
DA:43,2
DA:44,1
DA:47,1
DA:48,1
DA:49,0
DA:52,1
DA:56,1
LF:20
LH:18
BRDA:17,0,0,0
BRDA:17,0,1,2
BRDA:43,1,0,1
BRDA:43,1,1,1
BRDA:48,2,0,0
BRDA:48,2,1,1
BRF:6
BRH:4
end_of_record
TN:
SF:src\routes\program.routes.js
FN:14,(anonymous_0)
FN:36,(anonymous_1)
FN:48,(anonymous_2)
FN:68,(anonymous_3)
FN:80,(anonymous_4)
FN:93,(anonymous_5)
FN:106,(anonymous_6)
FN:128,(anonymous_7)
FNF:8
FNH:2
FNDA:2,(anonymous_0)
FNDA:0,(anonymous_1)
FNDA:0,(anonymous_2)
FNDA:1,(anonymous_3)
FNDA:0,(anonymous_4)
FNDA:0,(anonymous_5)
FNDA:0,(anonymous_6)
FNDA:0,(anonymous_7)
DA:8,1
DA:11,1
DA:15,2
DA:16,2
DA:17,2
DA:18,2
DA:20,2
DA:21,2
DA:23,2
DA:34,1
DA:37,0
DA:38,0
DA:39,0
DA:41,0
DA:46,1
DA:49,0
DA:50,0
DA:51,0
DA:53,0
DA:54,0
DA:55,0
DA:58,0
DA:59,0
DA:64,1
DA:69,1
DA:70,1
DA:71,1
DA:76,1
DA:81,0
DA:82,0
DA:83,0
DA:85,0
DA:90,1
DA:94,0
DA:95,0
DA:96,0
DA:98,0
DA:103,1
DA:107,0
DA:109,0
DA:110,0
DA:111,0
DA:114,0
DA:115,0
DA:116,0
DA:119,0
DA:120,0
DA:125,1
DA:129,0
DA:130,0
DA:131,0
DA:133,0
LF:52
LH:19
BRDA:15,0,0,2
BRDA:15,0,1,1
BRDA:16,1,0,2
BRDA:16,1,1,1
BRDA:18,2,0,2
BRDA:18,2,1,1
BRDA:38,3,0,0
BRDA:38,3,1,0
BRDA:49,4,0,0
BRDA:49,4,1,0
BRDA:50,5,0,0
BRDA:50,5,1,0
BRDA:54,6,0,0
BRDA:54,6,1,0
BRDA:82,7,0,0
BRDA:82,7,1,0
BRDA:95,8,0,0
BRDA:95,8,1,0
BRDA:110,9,0,0
BRDA:110,9,1,0
BRDA:115,10,0,0
BRDA:115,10,1,0
BRDA:130,11,0,0
BRDA:130,11,1,0
BRF:24
BRH:6
end_of_record
TN:
SF:src\routes\user.routes.js
FN:12,(anonymous_0)
FN:24,(anonymous_1)
FN:35,(anonymous_2)
FNF:3
FNH:0
FNDA:0,(anonymous_0)
FNDA:0,(anonymous_1)
FNDA:0,(anonymous_2)
DA:7,0
DA:10,0
DA:13,0
DA:14,0
DA:15,0
DA:17,0
DA:22,0
DA:25,0
DA:26,0
DA:31,0
DA:36,0
DA:37,0
DA:38,0
DA:40,0
DA:41,0
DA:43,0
LF:16
LH:0
BRDA:14,0,0,0
BRDA:14,0,1,0
BRDA:36,1,0,0
BRDA:36,1,1,0
BRDA:37,2,0,0
BRDA:37,2,1,0
BRF:6
BRH:0
end_of_record
